<?xml version="1.0" encoding="UTF-8"?><testsuite errors="1" failures="0" name="tests.LoginTest" skipped="0" tests="1" time="3.99" timestamp="2020-05-28 05:16:50"><testcase classname="tests.LoginTest" name="Login test"><error message="Could not instantiate class org.openqa.selenium.chrome.ChromeDriver" type="net.thucydides.core.webdriver.DriverConfigurationError">Could not instantiate class org.openqa.selenium.chrome.ChromeDriver</error><system-err>Could not instantiate class org.openqa.selenium.chrome.ChromeDriver&#13;
pages.MainPage.openMainPage(MainPage.java:82)&#13;
steps.MainSteps.openMainPage(MainSteps.java:22)&#13;
tests.LoginTest.loginTest(LoginTest.java:13)&#13;
</system-err></testcase></testsuite>